Determining if the pthread_create exist failed with the following output:
Change Dir: /home/k/CLionProjects/libsnark/cmake-build-debug/CMakeFiles/CMakeTmp

Run Build Command:"/usr/bin/make" "cmTC_afb88/fast"
/usr/bin/make -f CMakeFiles/cmTC_afb88.dir/build.make CMakeFiles/cmTC_afb88.dir/build
make[1]: Entering directory '/home/k/CLionProjects/libsnark/cmake-build-debug/CMakeFiles/CMakeTmp'
Building C object CMakeFiles/cmTC_afb88.dir/CheckSymbolExists.c.o
/usr/bin/cc    -o CMakeFiles/cmTC_afb88.dir/CheckSymbolExists.c.o   -c /home/k/CLionProjects/libsnark/cmake-build-debug/CMakeFiles/CMakeTmp/CheckSymbolExists.c
Linking C executable cmTC_afb88
/home/k/Desktop/clion-2018.2.2/bin/cmake/linux/bin/cmake -E cmake_link_script CMakeFiles/cmTC_afb88.dir/link.txt --verbose=1
/usr/bin/cc      -rdynamic CMakeFiles/cmTC_afb88.dir/CheckSymbolExists.c.o  -o cmTC_afb88 
CMakeFiles/cmTC_afb88.dir/CheckSymbolExists.c.o: In function `main':
CheckSymbolExists.c:(.text+0x16): undefined reference to `pthread_create'
collect2: error: ld returned 1 exit status
CMakeFiles/cmTC_afb88.dir/build.make:86: recipe for target 'cmTC_afb88' failed
make[1]: *** [cmTC_afb88] Error 1
make[1]: Leaving directory '/home/k/CLionProjects/libsnark/cmake-build-debug/CMakeFiles/CMakeTmp'
Makefile:121: recipe for target 'cmTC_afb88/fast' failed
make: *** [cmTC_afb88/fast] Error 2

File /home/k/CLionProjects/libsnark/cmake-build-debug/CMakeFiles/CMakeTmp/CheckSymbolExists.c:
/* */
#include <pthread.h>

int main(int argc, char** argv)
{
  (void)argv;
#ifndef pthread_create
  return ((int*)(&pthread_create))[argc];
#else
  (void)argc;
  return 0;
#endif
}

